<?xml version="1.0" encoding="UTF-8"?>
<testng-results ignored="0" total="1" passed="1" failed="0" skipped="0">
  <reporter-output>
  </reporter-output>
  <suite started-at="2023-10-25T15:23:35 CDT" name="Suite" finished-at="2023-10-25T15:23:38 CDT" duration-ms="3164">
    <groups>
    </groups>
    <test started-at="2023-10-25T15:23:35 CDT" name="MyTest" finished-at="2023-10-25T15:23:38 CDT" duration-ms="3164">
      <class name="com.test.script.SalesForceScript">
        <test-method is-config="true" signature="setupBeforeTest()[pri:0, instance:com.test.script.SalesForceScript@4fb3ee4e]" started-at="2023-10-25T15:23:35 CDT" name="setupBeforeTest" finished-at="2023-10-25T15:23:36 CDT" duration-ms="404" status="PASS">
          <reporter-output>
          </reporter-output>
        </test-method> <!-- setupBeforeTest -->
        <test-method is-config="true" signature="setUpBeforeTestMethod(java.lang.String)[pri:0, instance:com.test.script.SalesForceScript@4fb3ee4e]" started-at="2023-10-25T15:23:36 CDT" name="setUpBeforeTestMethod" finished-at="2023-10-25T15:23:38 CDT" duration-ms="2027" status="PASS">
          <params>
            <param index="0">
              <value>
                <![CDATA[chrome]]>
              </value>
            </param>
          </params>
          <reporter-output>
          </reporter-output>
        </test-method> <!-- setUpBeforeTestMethod -->
        <test-method signature="login_to_firebase()[pri:0, instance:com.test.script.SalesForceScript@4fb3ee4e]" started-at="2023-10-25T15:23:38 CDT" name="login_to_firebase" finished-at="2023-10-25T15:23:38 CDT" duration-ms="419" status="PASS">
          <reporter-output>
          </reporter-output>
        </test-method> <!-- login_to_firebase -->
        <test-method is-config="true" signature="tearDownAfterTestMethod()[pri:0, instance:com.test.script.SalesForceScript@4fb3ee4e]" started-at="2023-10-25T15:23:38 CDT" name="tearDownAfterTestMethod" finished-at="2023-10-25T15:23:38 CDT" duration-ms="84" status="PASS">
          <reporter-output>
          </reporter-output>
        </test-method> <!-- tearDownAfterTestMethod -->
      </class> <!-- com.test.script.SalesForceScript -->
    </test> <!-- MyTest -->
  </suite> <!-- Suite -->
</testng-results>
